Build started 03/04/2017 12:32:51.
     1>Project "C:\hlocal\ProyectoConMusicaEInterfaz\HolaSDL\HolaSDL.vcxproj" on node 2 (Build target(s)).
     1>C:\Program Files (x86)\MSBuild\Microsoft.Cpp\v4.0\V120\Microsoft.CppBuild.targets(388,5): warning MSB8028: The intermediate directory (Debug\) contains files shared from another project (HolaSDL.vcxproj).  This can lead to incorrect clean and rebuild behavior.
     1>ClCompile:
         C:\software\programacion\MSVStudio2013\VC\bin\CL.exe /c /ZI /nologo /W3 /WX- /sdl /Od /Oy- /D _MBCS /Gm /EHsc /RTC1 /MDd /GS /fp:precise /Zc:wchar_t /Zc:forScope /Fo"Debug\\" /Fd"Debug\vc120.pdb" /Gd /TP /analyze- /errorReport:prompt Bala.cpp BalaEnemigo.cpp BalaPlayer.cpp BarraVida.cpp BarraVidaVacia.cpp Boton.cpp Cargador.cpp EnergiaDisponible.cpp Estado.cpp GameOver.cpp Interfaz.cpp Juego.cpp MenuPrincipal.cpp Objeto.cpp Pausa.cpp Play.cpp Player.cpp enemy.cpp
         Estado.cpp
     1>c:\hlocal\proyectoconmusicaeinterfaz\holasdl\estado.cpp(43): warning C4018: '<' : signed/unsigned mismatch
     1>c:\hlocal\proyectoconmusicaeinterfaz\holasdl\estado.cpp(50): warning C4018: '<' : signed/unsigned mismatch
     1>c:\hlocal\proyectoconmusicaeinterfaz\holasdl\estado.cpp(60): warning C4018: '<' : signed/unsigned mismatch
     1>c:\hlocal\proyectoconmusicaeinterfaz\holasdl\estado.cpp(65): warning C4018: '<' : signed/unsigned mismatch
         Generating Code...
         Skipping... (no relevant changes detected)
         enemy.cpp
         Player.cpp
         Play.cpp
         Pausa.cpp
         Objeto.cpp
         MenuPrincipal.cpp
         Juego.cpp
         Interfaz.cpp
         GameOver.cpp
         EnergiaDisponible.cpp
         Cargador.cpp
         Boton.cpp
         BarraVidaVacia.cpp
         BarraVida.cpp
         BalaPlayer.cpp
         BalaEnemigo.cpp
         Bala.cpp
       Link:
         C:\software\programacion\MSVStudio2013\VC\bin\link.exe /ERRORREPORT:PROMPT /OUT:"C:\hlocal\ProyectoConMusicaEInterfaz\bin\Practica1Debug.exe" /INCREMENTAL /NOLOGO SDL2.lib SDL2main.lib SDL2_image.lib SDL2_ttf.lib SDL2_mixer.lib kernel32.lib user32.lib gdi32.lib winspool.lib comdlg32.lib advapi32.lib shell32.lib ole32.lib oleaut32.lib uuid.lib odbc32.lib odbccp32.lib /MANIFEST /MANIFESTUAC:"level='asInvoker' uiAccess='false'" /manifest:embed /DEBUG /PDB:"C:\hlocal\ProyectoConMusicaEInterfaz\bin\Practica1Debug.pdb" /SUBSYSTEM:CONSOLE /TLBID:1 /DYNAMICBASE /NXCOMPAT /IMPLIB:"C:\hlocal\ProyectoConMusicaEInterfaz\bin\Practica1Debug.lib" /MACHINE:X86 Debug\Bala.obj
         Debug\BalaEnemigo.obj
         Debug\BalaPlayer.obj
         Debug\BarraVida.obj
         Debug\BarraVidaVacia.obj
         Debug\Boton.obj
         Debug\Cargador.obj
         Debug\Efecto.obj
         Debug\enemy.obj
         Debug\EnergiaDisponible.obj
         Debug\Error.obj
         Debug\Estado.obj
         Debug\GameOver.obj
         Debug\Interfaz.obj
         Debug\Juego.obj
         Debug\main.obj
         Debug\MenuPrincipal.obj
         Debug\Musica.obj
         Debug\Objeto.obj
         Debug\Pausa.obj
         Debug\Player.obj
         Debug\Play.obj
         Debug\Texto.obj
         Debug\Textura.obj
         HolaSDL.vcxproj -> C:\hlocal\ProyectoConMusicaEInterfaz\bin\Practica1Debug.exe
     1>Done Building Project "C:\hlocal\ProyectoConMusicaEInterfaz\HolaSDL\HolaSDL.vcxproj" (Build target(s)).

Build succeeded.

Time Elapsed 00:00:00.89
