c:\users\skullatt\desktop\proyecto3\holasdl\debug\vc140.pdb
c:\users\skullatt\desktop\proyecto3\holasdl\debug\vc140.idb
c:\users\skullatt\desktop\proyecto3\holasdl\debug\bala.obj
c:\users\skullatt\desktop\proyecto3\holasdl\debug\balaplayer.obj
c:\users\skullatt\desktop\proyecto3\holasdl\debug\boton.obj
c:\users\skullatt\desktop\proyecto3\holasdl\debug\error.obj
c:\users\skullatt\desktop\proyecto3\holasdl\debug\estado.obj
c:\users\skullatt\desktop\proyecto3\holasdl\debug\gameover.obj
c:\users\skullatt\desktop\proyecto3\holasdl\debug\juego.obj
c:\users\skullatt\desktop\proyecto3\holasdl\debug\main.obj
c:\users\skullatt\desktop\proyecto3\holasdl\debug\menuprincipal.obj
c:\users\skullatt\desktop\proyecto3\holasdl\debug\objeto.obj
c:\users\skullatt\desktop\proyecto3\holasdl\debug\pausa.obj
c:\users\skullatt\desktop\proyecto3\holasdl\debug\player.obj
c:\users\skullatt\desktop\proyecto3\holasdl\debug\play.obj
c:\users\skullatt\desktop\proyecto3\holasdl\debug\textura.obj
c:\users\skullatt\desktop\proyecto3\bin\practica1debug.ilk
c:\users\skullatt\desktop\proyecto3\bin\practica1debug.exe
c:\users\skullatt\desktop\proyecto3\bin\practica1debug.pdb
c:\users\skullatt\desktop\proyecto3\holasdl\debug\practica1.tlog\cl.command.1.tlog
c:\users\skullatt\desktop\proyecto3\holasdl\debug\practica1.tlog\cl.read.1.tlog
c:\users\skullatt\desktop\proyecto3\holasdl\debug\practica1.tlog\cl.write.1.tlog
c:\users\skullatt\desktop\proyecto3\holasdl\debug\practica1.tlog\link.command.1.tlog
c:\users\skullatt\desktop\proyecto3\holasdl\debug\practica1.tlog\link.read.1.tlog
c:\users\skullatt\desktop\proyecto3\holasdl\debug\practica1.tlog\link.write.1.tlog
