c:\hlocal\tpv 3\tpv 3\proyecto1globos\debug\vc120.pdb
c:\hlocal\tpv 3\tpv 3\proyecto1globos\debug\vc120.idb
c:\hlocal\tpv 3\tpv 3\proyecto1globos\debug\boton.obj
c:\hlocal\tpv 3\tpv 3\proyecto1globos\debug\estadopg.obj
c:\hlocal\tpv 3\tpv 3\proyecto1globos\debug\gameover.obj
c:\hlocal\tpv 3\tpv 3\proyecto1globos\debug\globospg.obj
c:\hlocal\tpv 3\tpv 3\proyecto1globos\debug\juegopg.obj
c:\hlocal\tpv 3\tpv 3\proyecto1globos\debug\mainp1.obj
c:\hlocal\tpv 3\tpv 3\proyecto1globos\debug\mariposa.obj
c:\hlocal\tpv 3\tpv 3\proyecto1globos\debug\menupg.obj
c:\hlocal\tpv 3\tpv 3\proyecto1globos\debug\musica.obj
c:\hlocal\tpv 3\tpv 3\proyecto1globos\debug\objetopg.obj
c:\hlocal\tpv 3\tpv 3\proyecto1globos\debug\pausa.obj
c:\hlocal\tpv 3\tpv 3\proyecto1globos\debug\playpg.obj
c:\hlocal\tpv 3\tpv 3\proyecto1globos\debug\premio.obj
c:\hlocal\tpv 3\tpv 3\proyecto1globos\debug\texturassdl.obj
c:\hlocal\tpv 3\tpv 3\bin\proyecto1globosdebug.pdb
c:\hlocal\tpv 3\tpv 3\proyecto1globos\debug\proyecto1globos.tlog\cl.command.1.tlog
c:\hlocal\tpv 3\tpv 3\proyecto1globos\debug\proyecto1globos.tlog\cl.read.1.tlog
c:\hlocal\tpv 3\tpv 3\proyecto1globos\debug\proyecto1globos.tlog\cl.write.1.tlog
c:\hlocal\tpv 3\tpv 3\proyecto1globos\debug\proyecto1globos.tlog\link-cvtres.read.1.tlog
c:\hlocal\tpv 3\tpv 3\proyecto1globos\debug\proyecto1globos.tlog\link-cvtres.write.1.tlog
c:\hlocal\tpv 3\tpv 3\proyecto1globos\debug\proyecto1globos.tlog\link-rc.read.1.tlog
c:\hlocal\tpv 3\tpv 3\proyecto1globos\debug\proyecto1globos.tlog\link-rc.write.1.tlog
c:\hlocal\tpv 3\tpv 3\proyecto1globos\debug\proyecto1globos.tlog\link.command.1.tlog
c:\hlocal\tpv 3\tpv 3\proyecto1globos\debug\proyecto1globos.tlog\link.read.1.tlog
c:\hlocal\tpv 3\tpv 3\proyecto1globos\debug\proyecto1globos.tlog\link.write.1.tlog
