Compilación iniciada a las 16/02/2017 22:25:59.
     1>Proyecto "C:\Users\PcCom\Desktop\TPV 3\Proyecto1Globos\Proyecto1Globos.vcxproj" en el nodo 2 (Build destinos).
     1>ClCompile:
         C:\Program Files (x86)\Microsoft Visual Studio 12.0\VC\bin\CL.exe /c /ZI /nologo /W3 /WX- /sdl /Od /Oy- /D _MBCS /Gm /EHsc /RTC1 /MDd /GS /fp:precise /Zc:wchar_t /Zc:forScope /Fo"Debug\\" /Fd"Debug\vc120.pdb" /Gd /TP /analyze- /errorReport:prompt PlayPG.cpp
         PlayPG.cpp
       Link:
         C:\Program Files (x86)\Microsoft Visual Studio 12.0\VC\bin\link.exe /ERRORREPORT:PROMPT /OUT:"C:\Users\PcCom\Desktop\TPV 3\bin\Proyecto1GlobosDebug.exe" /INCREMENTAL /NOLOGO SDL2.lib SDL2main.lib SDL2_image.lib kernel32.lib user32.lib gdi32.lib winspool.lib comdlg32.lib advapi32.lib shell32.lib ole32.lib oleaut32.lib uuid.lib odbc32.lib odbccp32.lib /MANIFEST /MANIFESTUAC:"level='asInvoker' uiAccess='false'" /manifest:embed /DEBUG /PDB:"C:\Users\PcCom\Desktop\TPV 3\bin\Proyecto1GlobosDebug.pdb" /SUBSYSTEM:CONSOLE /TLBID:1 /DYNAMICBASE /NXCOMPAT /IMPLIB:"C:\Users\PcCom\Desktop\TPV 3\bin\Proyecto1GlobosDebug.lib" /MACHINE:X86 Debug\Boton.obj
         Debug\EstadoPG.obj
         Debug\GameOver.obj
         Debug\GlobosPG.obj
         Debug\juegoPG.obj
         Debug\mainP1.obj
         Debug\Mariposa.obj
         Debug\MenuPG.obj
         Debug\Musica.obj
         Debug\ObjetoPG.obj
         Debug\Pausa.obj
         Debug\Personaje.obj
         Debug\PlayPG.obj
         Debug\Premio.obj
         Debug\TexturasSDL.obj
         Proyecto1Globos.vcxproj -> C:\Users\PcCom\Desktop\TPV 3\bin\Proyecto1GlobosDebug.exe
     1>Compilación del proyecto terminada "C:\Users\PcCom\Desktop\TPV 3\Proyecto1Globos\Proyecto1Globos.vcxproj" (Build destinos).

Compilación correcta.

Tiempo transcurrido 00:00:01.34
